[2024-12-02 01:34:13 +0300] DEBUG: Инициализация Student_list_controller
[2024-12-02 01:34:13 +0300] DEBUG: Инициализация Students_list
[2024-12-02 01:34:13 +0300] DEBUG: Инициализация Data_list_student_short
[2024-12-02 01:34:13 +0300] DEBUG: Подписка view на Data_list_student_short
[2024-12-02 01:34:13 +0300] DEBUG: Выделенные студенты: []
[2024-12-02 01:34:13 +0300] INFO: Обновление таблицы студентов
[2024-12-02 01:34:13 +0300] INFO: Сброс фильтров
[2024-12-02 01:34:13 +0300] INFO: Установка фильтров
[2024-12-02 01:34:13 +0300] INFO: Установка фильтра по ФИО: 
[2024-12-02 01:34:13 +0300] INFO: Поиск студентов в хранилище
[2024-12-02 01:34:13 +0300] DEBUG: Выделенные студенты: []
[2024-12-02 01:34:13 +0300] INFO: Таблица студентов обновлена
[2024-12-02 01:34:15 +0300] INFO: Переключение страницы на: 2
[2024-12-02 01:34:15 +0300] INFO: Обновление таблицы студентов
[2024-12-02 01:34:15 +0300] INFO: Сброс фильтров
[2024-12-02 01:34:15 +0300] INFO: Установка фильтров
[2024-12-02 01:34:15 +0300] INFO: Установка фильтра по ФИО: 
[2024-12-02 01:34:15 +0300] INFO: Поиск студентов в хранилище
[2024-12-02 01:34:15 +0300] DEBUG: Выделенные студенты: []
[2024-12-02 01:34:15 +0300] INFO: Таблица студентов обновлена
[2024-12-02 01:34:16 +0300] INFO: Переключение страницы на: 3
[2024-12-02 01:34:16 +0300] INFO: Обновление таблицы студентов
[2024-12-02 01:34:16 +0300] INFO: Сброс фильтров
[2024-12-02 01:34:16 +0300] INFO: Установка фильтров
[2024-12-02 01:34:16 +0300] INFO: Установка фильтра по ФИО: 
[2024-12-02 01:34:16 +0300] INFO: Поиск студентов в хранилище
[2024-12-02 01:34:16 +0300] DEBUG: Выделенные студенты: []
[2024-12-02 01:34:16 +0300] INFO: Таблица студентов обновлена
[2024-12-02 01:34:16 +0300] INFO: Переключение страницы на: 4
[2024-12-02 01:34:16 +0300] INFO: Обновление таблицы студентов
[2024-12-02 01:34:16 +0300] INFO: Сброс фильтров
[2024-12-02 01:34:16 +0300] INFO: Установка фильтров
[2024-12-02 01:34:16 +0300] INFO: Установка фильтра по ФИО: 
[2024-12-02 01:34:16 +0300] INFO: Поиск студентов в хранилище
[2024-12-02 01:34:16 +0300] DEBUG: Выделенные студенты: []
[2024-12-02 01:34:16 +0300] INFO: Таблица студентов обновлена
[2024-12-02 01:34:18 +0300] INFO: Переключение страницы на: 3
[2024-12-02 01:34:18 +0300] INFO: Обновление таблицы студентов
[2024-12-02 01:34:18 +0300] INFO: Сброс фильтров
[2024-12-02 01:34:18 +0300] INFO: Установка фильтров
[2024-12-02 01:34:18 +0300] INFO: Установка фильтра по ФИО: 
[2024-12-02 01:34:18 +0300] INFO: Поиск студентов в хранилище
[2024-12-02 01:34:18 +0300] DEBUG: Выделенные студенты: []
[2024-12-02 01:34:18 +0300] INFO: Таблица студентов обновлена
[2024-12-02 01:34:18 +0300] INFO: Переключение страницы на: 2
[2024-12-02 01:34:18 +0300] INFO: Обновление таблицы студентов
[2024-12-02 01:34:18 +0300] INFO: Сброс фильтров
[2024-12-02 01:34:18 +0300] INFO: Установка фильтров
[2024-12-02 01:34:18 +0300] INFO: Установка фильтра по ФИО: 
[2024-12-02 01:34:18 +0300] INFO: Поиск студентов в хранилище
[2024-12-02 01:34:18 +0300] DEBUG: Выделенные студенты: []
[2024-12-02 01:34:18 +0300] INFO: Таблица студентов обновлена
[2024-12-02 01:34:18 +0300] INFO: Переключение страницы на: 1
[2024-12-02 01:34:18 +0300] INFO: Обновление таблицы студентов
[2024-12-02 01:34:18 +0300] INFO: Сброс фильтров
[2024-12-02 01:34:18 +0300] INFO: Установка фильтров
[2024-12-02 01:34:18 +0300] INFO: Установка фильтра по ФИО: 
[2024-12-02 01:34:18 +0300] INFO: Поиск студентов в хранилище
[2024-12-02 01:34:18 +0300] DEBUG: Выделенные студенты: []
[2024-12-02 01:34:18 +0300] INFO: Таблица студентов обновлена
[2024-12-02 01:34:19 +0300] INFO: Обновление таблицы студентов
[2024-12-02 01:34:19 +0300] INFO: Сброс фильтров
[2024-12-02 01:34:19 +0300] INFO: Установка фильтров
[2024-12-02 01:34:19 +0300] INFO: Установка фильтра по ФИО: 
[2024-12-02 01:34:19 +0300] INFO: Поиск студентов в хранилище
[2024-12-02 01:34:19 +0300] DEBUG: Выделенные студенты: []
[2024-12-02 01:34:19 +0300] INFO: Таблица студентов обновлена
